<?xml version="1.0" encoding="UTF-8"?>
<robot generator="Robot 5.0.1 (Python 3.9.7 on win32)" generated="20220627 21:16:24.847" rpa="false" schemaversion="3">
<suite id="s1" name="Test Inventory" source="C:\Users\mirek\PycharmProjects\awaria\test_swag_labs\test_robot\tests\test_inventory.robot">
<test id="s1-t1" name="Test Sort Price Low To High" line="8">
<kw name="Open Shop Webpage And Correct Login" library="setup">
<kw name="Open Browser" library="SeleniumLibrary">
<arg>${URL}</arg>
<arg>${BROWSER}</arg>
<doc>Opens a new browser instance to the optional ``url``.</doc>
<msg timestamp="20220627 21:16:25.039" level="INFO">Opening browser 'chrome' to base url 'https://www.saucedemo.com/'.</msg>
<status status="PASS" starttime="20220627 21:16:25.039" endtime="20220627 21:16:26.366"/>
</kw>
<kw name="Maximize Browser Window" library="SeleniumLibrary">
<doc>Maximizes current browser window.</doc>
<status status="PASS" starttime="20220627 21:16:26.366" endtime="20220627 21:16:26.492"/>
</kw>
<kw name="Input Text" library="SeleniumLibrary">
<arg>${LOGIN_INPUT}</arg>
<arg>${USERNAME_LOGIN}</arg>
<doc>Types the given ``text`` into the text field identified by ``locator``.</doc>
<msg timestamp="20220627 21:16:26.493" level="INFO">Typing text 'standard_user' into text field 'id=user-name'.</msg>
<status status="PASS" starttime="20220627 21:16:26.492" endtime="20220627 21:16:26.633"/>
</kw>
<kw name="Input Text" library="SeleniumLibrary">
<arg>${PASSWORD_INPUT}</arg>
<arg>${USERNAME_PASSWORD}</arg>
<doc>Types the given ``text`` into the text field identified by ``locator``.</doc>
<msg timestamp="20220627 21:16:26.633" level="INFO">Typing text 'secret_sauce' into text field 'id=password'.</msg>
<status status="PASS" starttime="20220627 21:16:26.633" endtime="20220627 21:16:26.696"/>
</kw>
<kw name="Click Button" library="SeleniumLibrary">
<arg>${LOGIN_BUTTON}</arg>
<doc>Clicks the button identified by ``locator``.</doc>
<msg timestamp="20220627 21:16:26.696" level="INFO">Clicking button 'id=login-button'.</msg>
<status status="PASS" starttime="20220627 21:16:26.696" endtime="20220627 21:16:26.788"/>
</kw>
<status status="PASS" starttime="20220627 21:16:25.039" endtime="20220627 21:16:26.788"/>
</kw>
<kw name="Select From List By Value" library="SeleniumLibrary">
<arg>${SELECT_CONTAINER}</arg>
<arg>lohi</arg>
<doc>Selects options from selection list ``locator`` by ``values``.</doc>
<msg timestamp="20220627 21:16:26.789" level="INFO">Selecting options from selection list 'class=product_sort_container' by value lohi.</msg>
<status status="PASS" starttime="20220627 21:16:26.789" endtime="20220627 21:16:26.922"/>
</kw>
<kw name="Element Text Should Be" library="SeleniumLibrary">
<arg>${FIRST_ITEM_IN_INV_PRICE}</arg>
<arg>$7.99</arg>
<doc>Verifies that element ``locator`` contains exact the text ``expected``.</doc>
<msg timestamp="20220627 21:16:26.923" level="INFO">Verifying element 'class=inventory_item_price' contains exact text '$7.99'.</msg>
<status status="PASS" starttime="20220627 21:16:26.922" endtime="20220627 21:16:26.952"/>
</kw>
<kw name="Close All Browsers" library="SeleniumLibrary" type="TEARDOWN">
<doc>Closes all open browsers and resets the browser cache.</doc>
<status status="PASS" starttime="20220627 21:16:26.952" endtime="20220627 21:16:29.115"/>
</kw>
<status status="PASS" starttime="20220627 21:16:25.038" endtime="20220627 21:16:29.116"/>
</test>
<test id="s1-t2" name="Test Sort Price High To Low" line="13">
<kw name="Open Shop Webpage" library="setup">
<kw name="Open Browser" library="SeleniumLibrary">
<arg>${URL}</arg>
<arg>${BROWSER}</arg>
<doc>Opens a new browser instance to the optional ``url``.</doc>
<msg timestamp="20220627 21:16:29.118" level="INFO">Opening browser 'chrome' to base url 'https://www.saucedemo.com/'.</msg>
<status status="PASS" starttime="20220627 21:16:29.118" endtime="20220627 21:16:30.455"/>
</kw>
<kw name="Maximize Browser Window" library="SeleniumLibrary">
<doc>Maximizes current browser window.</doc>
<status status="PASS" starttime="20220627 21:16:30.455" endtime="20220627 21:16:30.580"/>
</kw>
<status status="PASS" starttime="20220627 21:16:29.118" endtime="20220627 21:16:30.580"/>
</kw>
<kw name="Input Text" library="SeleniumLibrary">
<arg>${LOGIN_INPUT}</arg>
<arg>${USERNAME_LOGIN}</arg>
<doc>Types the given ``text`` into the text field identified by ``locator``.</doc>
<msg timestamp="20220627 21:16:30.581" level="INFO">Typing text 'standard_user' into text field 'id=user-name'.</msg>
<status status="PASS" starttime="20220627 21:16:30.581" endtime="20220627 21:16:30.717"/>
</kw>
<kw name="Input Text" library="SeleniumLibrary">
<arg>${PASSWORD_INPUT}</arg>
<arg>${USERNAME_PASSWORD}</arg>
<doc>Types the given ``text`` into the text field identified by ``locator``.</doc>
<msg timestamp="20220627 21:16:30.717" level="INFO">Typing text 'secret_sauce' into text field 'id=password'.</msg>
<status status="PASS" starttime="20220627 21:16:30.717" endtime="20220627 21:16:30.783"/>
</kw>
<kw name="Click Button" library="SeleniumLibrary">
<arg>${LOGIN_BUTTON}</arg>
<doc>Clicks the button identified by ``locator``.</doc>
<msg timestamp="20220627 21:16:30.784" level="INFO">Clicking button 'id=login-button'.</msg>
<status status="PASS" starttime="20220627 21:16:30.784" endtime="20220627 21:16:30.861"/>
</kw>
<kw name="Select From List By Value" library="SeleniumLibrary">
<arg>${SELECT_CONTAINER}</arg>
<arg>hilo</arg>
<doc>Selects options from selection list ``locator`` by ``values``.</doc>
<msg timestamp="20220627 21:16:30.862" level="INFO">Selecting options from selection list 'class=product_sort_container' by value hilo.</msg>
<status status="PASS" starttime="20220627 21:16:30.862" endtime="20220627 21:16:31.034"/>
</kw>
<kw name="Element Text Should Be" library="SeleniumLibrary">
<arg>${FIRST_ITEM_IN_INV_PRICE}</arg>
<arg>$49.99</arg>
<doc>Verifies that element ``locator`` contains exact the text ``expected``.</doc>
<msg timestamp="20220627 21:16:31.036" level="INFO">Verifying element 'class=inventory_item_price' contains exact text '$49.99'.</msg>
<status status="PASS" starttime="20220627 21:16:31.035" endtime="20220627 21:16:31.060"/>
</kw>
<kw name="Close All Browsers" library="SeleniumLibrary" type="TEARDOWN">
<doc>Closes all open browsers and resets the browser cache.</doc>
<status status="PASS" starttime="20220627 21:16:31.061" endtime="20220627 21:16:33.277"/>
</kw>
<status status="PASS" starttime="20220627 21:16:29.117" endtime="20220627 21:16:33.277"/>
</test>
<test id="s1-t3" name="Test Reverse Alphabet" line="21">
<kw name="Open Shop Webpage" library="setup">
<kw name="Open Browser" library="SeleniumLibrary">
<arg>${URL}</arg>
<arg>${BROWSER}</arg>
<doc>Opens a new browser instance to the optional ``url``.</doc>
<msg timestamp="20220627 21:16:33.279" level="INFO">Opening browser 'chrome' to base url 'https://www.saucedemo.com/'.</msg>
<status status="PASS" starttime="20220627 21:16:33.279" endtime="20220627 21:16:34.753"/>
</kw>
<kw name="Maximize Browser Window" library="SeleniumLibrary">
<doc>Maximizes current browser window.</doc>
<status status="PASS" starttime="20220627 21:16:34.753" endtime="20220627 21:16:34.879"/>
</kw>
<status status="PASS" starttime="20220627 21:16:33.279" endtime="20220627 21:16:34.880"/>
</kw>
<kw name="Input Text" library="SeleniumLibrary">
<arg>${LOGIN_INPUT}</arg>
<arg>${USERNAME_LOGIN}</arg>
<doc>Types the given ``text`` into the text field identified by ``locator``.</doc>
<msg timestamp="20220627 21:16:34.880" level="INFO">Typing text 'standard_user' into text field 'id=user-name'.</msg>
<status status="PASS" starttime="20220627 21:16:34.880" endtime="20220627 21:16:34.995"/>
</kw>
<kw name="Input Text" library="SeleniumLibrary">
<arg>${PASSWORD_INPUT}</arg>
<arg>${USERNAME_PASSWORD}</arg>
<doc>Types the given ``text`` into the text field identified by ``locator``.</doc>
<msg timestamp="20220627 21:16:34.995" level="INFO">Typing text 'secret_sauce' into text field 'id=password'.</msg>
<status status="PASS" starttime="20220627 21:16:34.995" endtime="20220627 21:16:35.056"/>
</kw>
<kw name="Click Button" library="SeleniumLibrary">
<arg>${LOGIN_BUTTON}</arg>
<doc>Clicks the button identified by ``locator``.</doc>
<msg timestamp="20220627 21:16:35.057" level="INFO">Clicking button 'id=login-button'.</msg>
<status status="PASS" starttime="20220627 21:16:35.056" endtime="20220627 21:16:35.133"/>
</kw>
<kw name="Select From List By Value" library="SeleniumLibrary">
<arg>${SELECT_CONTAINER}</arg>
<arg>za</arg>
<doc>Selects options from selection list ``locator`` by ``values``.</doc>
<msg timestamp="20220627 21:16:35.134" level="INFO">Selecting options from selection list 'class=product_sort_container' by value za.</msg>
<status status="PASS" starttime="20220627 21:16:35.134" endtime="20220627 21:16:35.239"/>
</kw>
<kw name="Element Text Should Be" library="SeleniumLibrary">
<arg>${FIRST_ITEM_IN_INV_PRICE}</arg>
<arg>$15.99</arg>
<doc>Verifies that element ``locator`` contains exact the text ``expected``.</doc>
<msg timestamp="20220627 21:16:35.240" level="INFO">Verifying element 'class=inventory_item_price' contains exact text '$15.99'.</msg>
<status status="PASS" starttime="20220627 21:16:35.240" endtime="20220627 21:16:35.270"/>
</kw>
<kw name="Close All Browsers" library="SeleniumLibrary" type="TEARDOWN">
<doc>Closes all open browsers and resets the browser cache.</doc>
<status status="PASS" starttime="20220627 21:16:35.271" endtime="20220627 21:16:37.476"/>
</kw>
<status status="PASS" starttime="20220627 21:16:33.279" endtime="20220627 21:16:37.476"/>
</test>
<status status="PASS" starttime="20220627 21:16:24.848" endtime="20220627 21:16:37.478"/>
</suite>
<statistics>
<total>
<stat pass="3" fail="0" skip="0">All Tests</stat>
</total>
<tag>
</tag>
<suite>
<stat pass="3" fail="0" skip="0" id="s1" name="Test Inventory">Test Inventory</stat>
</suite>
</statistics>
<errors>
</errors>
</robot>
