<?xml version="1.0" encoding="UTF-8"?>
<robot generator="Robot 5.0.1 (Python 3.9.7 on win32)" generated="20220627 08:48:06.867" rpa="false" schemaversion="3">
<suite id="s1" name="Test Login" source="C:\Users\mirek\PycharmProjects\awaria\test_swag_labs\test_robot\tests\test_login.robot">
<test id="s1-t1" name="Test login_title" line="9">
<kw name="Open Shop Webpage" library="setup">
<kw name="Open Browser" library="SeleniumLibrary">
<arg>${URL}</arg>
<arg>${BROWSER}</arg>
<doc>Opens a new browser instance to the optional ``url``.</doc>
<msg timestamp="20220627 08:48:07.053" level="INFO">Opening browser 'chrome' to base url 'https://www.saucedemo.com/'.</msg>
<status status="PASS" starttime="20220627 08:48:07.052" endtime="20220627 08:48:10.087"/>
</kw>
<kw name="Maximize Browser Window" library="SeleniumLibrary">
<doc>Maximizes current browser window.</doc>
<status status="PASS" starttime="20220627 08:48:10.088" endtime="20220627 08:48:10.201"/>
</kw>
<status status="PASS" starttime="20220627 08:48:07.052" endtime="20220627 08:48:10.201"/>
</kw>
<kw name="Title Should Be" library="SeleniumLibrary">
<arg>Swag Labs</arg>
<doc>Verifies that the current page title equals ``title``.</doc>
<msg timestamp="20220627 08:48:10.207" level="INFO">Page title is 'Swag Labs'.</msg>
<status status="PASS" starttime="20220627 08:48:10.201" endtime="20220627 08:48:10.207"/>
</kw>
<kw name="Close All Browsers" library="SeleniumLibrary" type="TEARDOWN">
<doc>Closes all open browsers and resets the browser cache.</doc>
<status status="PASS" starttime="20220627 08:48:10.208" endtime="20220627 08:48:12.414"/>
</kw>
<status status="PASS" starttime="20220627 08:48:07.051" endtime="20220627 08:48:12.414"/>
</test>
<test id="s1-t2" name="Test login_correct" line="13">
<kw name="Open Shop Webpage" library="setup">
<kw name="Open Browser" library="SeleniumLibrary">
<arg>${URL}</arg>
<arg>${BROWSER}</arg>
<doc>Opens a new browser instance to the optional ``url``.</doc>
<msg timestamp="20220627 08:48:12.416" level="INFO">Opening browser 'chrome' to base url 'https://www.saucedemo.com/'.</msg>
<status status="PASS" starttime="20220627 08:48:12.416" endtime="20220627 08:48:14.219"/>
</kw>
<kw name="Maximize Browser Window" library="SeleniumLibrary">
<doc>Maximizes current browser window.</doc>
<status status="PASS" starttime="20220627 08:48:14.219" endtime="20220627 08:48:14.355"/>
</kw>
<status status="PASS" starttime="20220627 08:48:12.416" endtime="20220627 08:48:14.355"/>
</kw>
<kw name="Input Text" library="SeleniumLibrary">
<arg>${LOGIN_INPUT}</arg>
<arg>${USERNAME_LOGIN}</arg>
<doc>Types the given ``text`` into the text field identified by ``locator``.</doc>
<msg timestamp="20220627 08:48:14.359" level="INFO">Typing text 'standard_user' into text field 'id=user-name'.</msg>
<status status="PASS" starttime="20220627 08:48:14.357" endtime="20220627 08:48:14.495"/>
</kw>
<kw name="Input Text" library="SeleniumLibrary">
<arg>${PASSWORD_INPUT}</arg>
<arg>${USERNAME_PASSWORD}</arg>
<doc>Types the given ``text`` into the text field identified by ``locator``.</doc>
<msg timestamp="20220627 08:48:14.496" level="INFO">Typing text 'secret_sauce' into text field 'id=password'.</msg>
<status status="PASS" starttime="20220627 08:48:14.496" endtime="20220627 08:48:14.561"/>
</kw>
<kw name="Click Button" library="SeleniumLibrary">
<arg>${LOGIN_BUTTON}</arg>
<doc>Clicks the button identified by ``locator``.</doc>
<msg timestamp="20220627 08:48:14.562" level="INFO">Clicking button 'id=login-button'.</msg>
<status status="PASS" starttime="20220627 08:48:14.561" endtime="20220627 08:48:14.637"/>
</kw>
<kw name="Location Should Be" library="SeleniumLibrary">
<arg>${URL_INVENTORY}</arg>
<doc>Verifies that the current URL is exactly ``url``.</doc>
<msg timestamp="20220627 08:48:14.642" level="INFO">Current location is 'https://www.saucedemo.com/inventory.html'.</msg>
<status status="PASS" starttime="20220627 08:48:14.638" endtime="20220627 08:48:14.642"/>
</kw>
<kw name="Close All Browsers" library="SeleniumLibrary" type="TEARDOWN">
<doc>Closes all open browsers and resets the browser cache.</doc>
<status status="PASS" starttime="20220627 08:48:14.642" endtime="20220627 08:48:16.897"/>
</kw>
<status status="PASS" starttime="20220627 08:48:12.415" endtime="20220627 08:48:16.897"/>
</test>
<test id="s1-t3" name="Test Incorrect Login And Password" line="20">
<kw name="Open Shop Webpage" library="setup">
<kw name="Open Browser" library="SeleniumLibrary">
<arg>${URL}</arg>
<arg>${BROWSER}</arg>
<doc>Opens a new browser instance to the optional ``url``.</doc>
<msg timestamp="20220627 08:48:16.899" level="INFO">Opening browser 'chrome' to base url 'https://www.saucedemo.com/'.</msg>
<status status="PASS" starttime="20220627 08:48:16.899" endtime="20220627 08:48:18.737"/>
</kw>
<kw name="Maximize Browser Window" library="SeleniumLibrary">
<doc>Maximizes current browser window.</doc>
<status status="PASS" starttime="20220627 08:48:18.738" endtime="20220627 08:48:18.862"/>
</kw>
<status status="PASS" starttime="20220627 08:48:16.899" endtime="20220627 08:48:18.862"/>
</kw>
<kw name="Input Text" library="SeleniumLibrary">
<arg>${LOGIN_INPUT}</arg>
<arg>${WRONG_USERNAME_LOGIN}</arg>
<doc>Types the given ``text`` into the text field identified by ``locator``.</doc>
<msg timestamp="20220627 08:48:18.867" level="INFO">Typing text 'John' into text field 'id=user-name'.</msg>
<status status="PASS" starttime="20220627 08:48:18.865" endtime="20220627 08:48:18.994"/>
</kw>
<kw name="Input Text" library="SeleniumLibrary">
<arg>${PASSWORD_INPUT}</arg>
<arg>${WRONG_USERNAME_PASSWORD}</arg>
<doc>Types the given ``text`` into the text field identified by ``locator``.</doc>
<msg timestamp="20220627 08:48:18.995" level="INFO">Typing text 'John123' into text field 'id=password'.</msg>
<status status="PASS" starttime="20220627 08:48:18.994" endtime="20220627 08:48:19.059"/>
</kw>
<kw name="Click Button" library="SeleniumLibrary">
<arg>${LOGIN_BUTTON}</arg>
<doc>Clicks the button identified by ``locator``.</doc>
<msg timestamp="20220627 08:48:19.059" level="INFO">Clicking button 'id=login-button'.</msg>
<status status="PASS" starttime="20220627 08:48:19.059" endtime="20220627 08:48:19.101"/>
</kw>
<kw name="Location Should Be" library="SeleniumLibrary">
<arg>${URL}</arg>
<doc>Verifies that the current URL is exactly ``url``.</doc>
<msg timestamp="20220627 08:48:19.106" level="INFO">Current location is 'https://www.saucedemo.com/'.</msg>
<status status="PASS" starttime="20220627 08:48:19.102" endtime="20220627 08:48:19.107"/>
</kw>
<kw name="Close All Browsers" library="SeleniumLibrary" type="TEARDOWN">
<doc>Closes all open browsers and resets the browser cache.</doc>
<status status="PASS" starttime="20220627 08:48:19.107" endtime="20220627 08:48:21.330"/>
</kw>
<status status="PASS" starttime="20220627 08:48:16.898" endtime="20220627 08:48:21.330"/>
</test>
<test id="s1-t4" name="Test Correct Login And Incorrect Password" line="27">
<kw name="Open Shop Webpage" library="setup">
<kw name="Open Browser" library="SeleniumLibrary">
<arg>${URL}</arg>
<arg>${BROWSER}</arg>
<doc>Opens a new browser instance to the optional ``url``.</doc>
<msg timestamp="20220627 08:48:21.333" level="INFO">Opening browser 'chrome' to base url 'https://www.saucedemo.com/'.</msg>
<status status="PASS" starttime="20220627 08:48:21.333" endtime="20220627 08:48:24.705"/>
</kw>
<kw name="Maximize Browser Window" library="SeleniumLibrary">
<doc>Maximizes current browser window.</doc>
<status status="PASS" starttime="20220627 08:48:24.705" endtime="20220627 08:48:24.826"/>
</kw>
<status status="PASS" starttime="20220627 08:48:21.332" endtime="20220627 08:48:24.826"/>
</kw>
<kw name="Input Text" library="SeleniumLibrary">
<arg>${LOGIN_INPUT}</arg>
<arg>${USERNAME_LOGIN}</arg>
<doc>Types the given ``text`` into the text field identified by ``locator``.</doc>
<msg timestamp="20220627 08:48:24.826" level="INFO">Typing text 'standard_user' into text field 'id=user-name'.</msg>
<status status="PASS" starttime="20220627 08:48:24.826" endtime="20220627 08:48:24.965"/>
</kw>
<kw name="Input Text" library="SeleniumLibrary">
<arg>${PASSWORD_INPUT}</arg>
<arg>${WRONG_USERNAME_PASSWORD}</arg>
<doc>Types the given ``text`` into the text field identified by ``locator``.</doc>
<msg timestamp="20220627 08:48:24.966" level="INFO">Typing text 'John123' into text field 'id=password'.</msg>
<status status="PASS" starttime="20220627 08:48:24.965" endtime="20220627 08:48:25.022"/>
</kw>
<kw name="Click Button" library="SeleniumLibrary">
<arg>${LOGIN_BUTTON}</arg>
<doc>Clicks the button identified by ``locator``.</doc>
<msg timestamp="20220627 08:48:25.023" level="INFO">Clicking button 'id=login-button'.</msg>
<status status="PASS" starttime="20220627 08:48:25.023" endtime="20220627 08:48:25.065"/>
</kw>
<kw name="Location Should Be" library="SeleniumLibrary">
<arg>${URL}</arg>
<doc>Verifies that the current URL is exactly ``url``.</doc>
<msg timestamp="20220627 08:48:25.068" level="INFO">Current location is 'https://www.saucedemo.com/'.</msg>
<status status="PASS" starttime="20220627 08:48:25.065" endtime="20220627 08:48:25.068"/>
</kw>
<kw name="Close All Browsers" library="SeleniumLibrary" type="TEARDOWN">
<doc>Closes all open browsers and resets the browser cache.</doc>
<status status="PASS" starttime="20220627 08:48:25.069" endtime="20220627 08:48:27.319"/>
</kw>
<status status="PASS" starttime="20220627 08:48:21.332" endtime="20220627 08:48:27.319"/>
</test>
<test id="s1-t5" name="Test Case Sensitive" line="34">
<kw name="Open Shop Webpage" library="setup">
<kw name="Open Browser" library="SeleniumLibrary">
<arg>${URL}</arg>
<arg>${BROWSER}</arg>
<doc>Opens a new browser instance to the optional ``url``.</doc>
<msg timestamp="20220627 08:48:27.321" level="INFO">Opening browser 'chrome' to base url 'https://www.saucedemo.com/'.</msg>
<status status="PASS" starttime="20220627 08:48:27.321" endtime="20220627 08:48:29.126"/>
</kw>
<kw name="Maximize Browser Window" library="SeleniumLibrary">
<doc>Maximizes current browser window.</doc>
<status status="PASS" starttime="20220627 08:48:29.127" endtime="20220627 08:48:29.245"/>
</kw>
<status status="PASS" starttime="20220627 08:48:27.321" endtime="20220627 08:48:29.245"/>
</kw>
<kw name="Input Text" library="SeleniumLibrary">
<arg>${LOGIN_INPUT}</arg>
<arg>${CASE_SENSITIVE_WRONG_USERNAME_LOGIN}</arg>
<doc>Types the given ``text`` into the text field identified by ``locator``.</doc>
<msg timestamp="20220627 08:48:29.248" level="INFO">Typing text 'Standard_user' into text field 'id=user-name'.</msg>
<status status="PASS" starttime="20220627 08:48:29.246" endtime="20220627 08:48:29.398"/>
</kw>
<kw name="Input Text" library="SeleniumLibrary">
<arg>${PASSWORD_INPUT}</arg>
<arg>${WRONG_USERNAME_PASSWORD}</arg>
<doc>Types the given ``text`` into the text field identified by ``locator``.</doc>
<msg timestamp="20220627 08:48:29.399" level="INFO">Typing text 'John123' into text field 'id=password'.</msg>
<status status="PASS" starttime="20220627 08:48:29.398" endtime="20220627 08:48:29.461"/>
</kw>
<kw name="Click Button" library="SeleniumLibrary">
<arg>${LOGIN_BUTTON}</arg>
<doc>Clicks the button identified by ``locator``.</doc>
<msg timestamp="20220627 08:48:29.461" level="INFO">Clicking button 'id=login-button'.</msg>
<status status="PASS" starttime="20220627 08:48:29.461" endtime="20220627 08:48:29.502"/>
</kw>
<kw name="Location Should Be" library="SeleniumLibrary">
<arg>${URL}</arg>
<doc>Verifies that the current URL is exactly ``url``.</doc>
<msg timestamp="20220627 08:48:29.508" level="INFO">Current location is 'https://www.saucedemo.com/'.</msg>
<status status="PASS" starttime="20220627 08:48:29.502" endtime="20220627 08:48:29.508"/>
</kw>
<kw name="Close All Browsers" library="SeleniumLibrary" type="TEARDOWN">
<doc>Closes all open browsers and resets the browser cache.</doc>
<status status="PASS" starttime="20220627 08:48:29.508" endtime="20220627 08:48:31.728"/>
</kw>
<status status="PASS" starttime="20220627 08:48:27.320" endtime="20220627 08:48:31.728"/>
</test>
<status status="PASS" starttime="20220627 08:48:06.868" endtime="20220627 08:48:31.730"/>
</suite>
<statistics>
<total>
<stat pass="5" fail="0" skip="0">All Tests</stat>
</total>
<tag>
</tag>
<suite>
<stat pass="5" fail="0" skip="0" id="s1" name="Test Login">Test Login</stat>
</suite>
</statistics>
<errors>
</errors>
</robot>
