<?xml version="1.0" encoding="UTF-8"?>
<robot generator="Robot 5.0.1 (Python 3.9.7 on win32)" generated="20220627 08:30:30.802" rpa="false" schemaversion="3">
<suite id="s1" name="Setup" source="C:\Users\mirek\PycharmProjects\awaria\test_swag_labs\test_robot\pages\setup.robot">
<test id="s1-t1" name="Test Correct Login" line="17">
<kw name="Open Shop Webpage">
<kw name="Open Browser" library="SeleniumLibrary">
<arg>${URL}</arg>
<arg>${BROWSER}</arg>
<doc>Opens a new browser instance to the optional ``url``.</doc>
<msg timestamp="20220627 08:30:30.996" level="INFO">Opening browser 'chrome' to base url 'https://www.saucedemo.com/'.</msg>
<status status="PASS" starttime="20220627 08:30:30.996" endtime="20220627 08:30:33.736"/>
</kw>
<kw name="Maximize Browser Window" library="SeleniumLibrary">
<doc>Maximizes current browser window.</doc>
<status status="PASS" starttime="20220627 08:30:33.737" endtime="20220627 08:30:33.859"/>
</kw>
<kw name="Input Text" library="SeleniumLibrary">
<arg>${login_input}</arg>
<arg>${USERNAME_LOGIN}</arg>
<doc>Types the given ``text`` into the text field identified by ``locator``.</doc>
<msg timestamp="20220627 08:30:33.859" level="INFO">Typing text 'standard_user' into text field 'id=user-name'.</msg>
<status status="PASS" starttime="20220627 08:30:33.859" endtime="20220627 08:30:33.999"/>
</kw>
<kw name="Input Text" library="SeleniumLibrary">
<arg>${password_input}</arg>
<arg>${USERNAME_PASSWORD}</arg>
<doc>Types the given ``text`` into the text field identified by ``locator``.</doc>
<msg timestamp="20220627 08:30:34.000" level="INFO">Typing text 'secret_sauce' into text field 'id=password'.</msg>
<status status="PASS" starttime="20220627 08:30:33.999" endtime="20220627 08:30:34.060"/>
</kw>
<kw name="Click Button" library="SeleniumLibrary">
<arg>${login_button}</arg>
<doc>Clicks the button identified by ``locator``.</doc>
<msg timestamp="20220627 08:30:34.060" level="INFO">Clicking button 'id=login-button'.</msg>
<status status="PASS" starttime="20220627 08:30:34.060" endtime="20220627 08:30:34.133"/>
</kw>
<status status="PASS" starttime="20220627 08:30:30.996" endtime="20220627 08:30:34.133"/>
</kw>
<status status="PASS" starttime="20220627 08:30:30.995" endtime="20220627 08:30:34.133"/>
</test>
<status status="PASS" starttime="20220627 08:30:30.804" endtime="20220627 08:30:34.135"/>
</suite>
<statistics>
<total>
<stat pass="1" fail="0" skip="0">All Tests</stat>
</total>
<tag>
</tag>
<suite>
<stat pass="1" fail="0" skip="0" id="s1" name="Setup">Setup</stat>
</suite>
</statistics>
<errors>
</errors>
</robot>
